01-Dec-2018 12:30:24.861 INFO [main] org.apache.catalina.startup.VersionLoggerListener.log Server version:        Apache Tomcat/9.0.13
01-Dec-2018 12:30:24.864 INFO [main] org.apache.catalina.startup.VersionLoggerListener.log Server built:          Nov 2 2018 14:27:55 UTC
01-Dec-2018 12:30:24.864 INFO [main] org.apache.catalina.startup.VersionLoggerListener.log Server number:         9.0.13.0
01-Dec-2018 12:30:24.864 INFO [main] org.apache.catalina.startup.VersionLoggerListener.log OS Name:               Windows 10
01-Dec-2018 12:30:24.864 INFO [main] org.apache.catalina.startup.VersionLoggerListener.log OS Version:            10.0
01-Dec-2018 12:30:24.864 INFO [main] org.apache.catalina.startup.VersionLoggerListener.log Architecture:          amd64
01-Dec-2018 12:30:24.865 INFO [main] org.apache.catalina.startup.VersionLoggerListener.log Java Home:             C:\Program Files\Java\jdk1.8.0_171\jre
01-Dec-2018 12:30:24.865 INFO [main] org.apache.catalina.startup.VersionLoggerListener.log JVM Version:           1.8.0_171-b11
01-Dec-2018 12:30:24.865 INFO [main] org.apache.catalina.startup.VersionLoggerListener.log JVM Vendor:            Oracle Corporation
01-Dec-2018 12:30:24.865 INFO [main] org.apache.catalina.startup.VersionLoggerListener.log CATALINA_BASE:         E:\tomcat\apache-tomcat-9.0.13
01-Dec-2018 12:30:24.865 INFO [main] org.apache.catalina.startup.VersionLoggerListener.log CATALINA_HOME:         E:\tomcat\apache-tomcat-9.0.13
01-Dec-2018 12:30:24.865 INFO [main] org.apache.catalina.startup.VersionLoggerListener.log Command line argument: -Djava.util.logging.config.file=E:/tomcat/apache-tomcat-9.0.13/conf/logging.properties
01-Dec-2018 12:30:24.865 INFO [main] org.apache.catalina.startup.VersionLoggerListener.log Command line argument: -Djava.util.logging.manager=org.apache.juli.ClassLoaderLogManager
01-Dec-2018 12:30:24.866 INFO [main] org.apache.catalina.startup.VersionLoggerListener.log Command line argument: -Djdk.tls.ephemeralDHKeySize=2048
01-Dec-2018 12:30:24.866 INFO [main] org.apache.catalina.startup.VersionLoggerListener.log Command line argument: -Djava.protocol.handler.pkgs=org.apache.catalina.webresources
01-Dec-2018 12:30:24.866 INFO [main] org.apache.catalina.startup.VersionLoggerListener.log Command line argument: -Dorg.apache.catalina.security.SecurityListener.UMASK=0027
01-Dec-2018 12:30:24.866 INFO [main] org.apache.catalina.startup.VersionLoggerListener.log Command line argument: -Dignore.endorsed.dirs=
01-Dec-2018 12:30:24.869 INFO [main] org.apache.catalina.startup.VersionLoggerListener.log Command line argument: -Dcatalina.base=E:/tomcat/apache-tomcat-9.0.13
01-Dec-2018 12:30:24.869 INFO [main] org.apache.catalina.startup.VersionLoggerListener.log Command line argument: -Dcatalina.home=E:/tomcat/apache-tomcat-9.0.13
01-Dec-2018 12:30:24.869 INFO [main] org.apache.catalina.startup.VersionLoggerListener.log Command line argument: -Djava.io.tmpdir=E:/tomcat/apache-tomcat-9.0.13/temp
01-Dec-2018 12:30:24.869 INFO [main] org.apache.catalina.core.AprLifecycleListener.lifecycleEvent Loaded APR based Apache Tomcat Native library [1.2.18] using APR version [1.6.5].
01-Dec-2018 12:30:24.870 INFO [main] org.apache.catalina.core.AprLifecycleListener.lifecycleEvent APR capabilities: IPv6 [true], sendfile [true], accept filters [false], random [true].
01-Dec-2018 12:30:24.870 INFO [main] org.apache.catalina.core.AprLifecycleListener.lifecycleEvent APR/OpenSSL configuration: useAprConnector [false], useOpenSSL [true]
01-Dec-2018 12:30:24.875 INFO [main] org.apache.catalina.core.AprLifecycleListener.initializeSSL OpenSSL successfully initialized [OpenSSL 1.1.1  11 Sep 2018]
01-Dec-2018 12:30:25.340 INFO [main] org.apache.coyote.AbstractProtocol.init Initializing ProtocolHandler ["http-nio-8080"]
01-Dec-2018 12:30:25.517 INFO [main] org.apache.tomcat.util.net.NioSelectorPool.getSharedSelector Using a shared selector for servlet write/read
01-Dec-2018 12:30:25.518 SEVERE [main] org.apache.catalina.util.LifecycleBase.handleSubClassException Failed to initialize component [Connector[HTTP/1.1-8080]]
 org.apache.catalina.LifecycleException: Protocol handler initialization failed
	at org.apache.catalina.connector.Connector.initInternal(Connector.java:976)
	at org.apache.catalina.util.LifecycleBase.init(LifecycleBase.java:136)
	at org.apache.catalina.core.StandardService.initInternal(StandardService.java:533)
	at org.apache.catalina.util.LifecycleBase.init(LifecycleBase.java:136)
	at org.apache.catalina.core.StandardServer.initInternal(StandardServer.java:883)
	at org.apache.catalina.util.LifecycleBase.init(LifecycleBase.java:136)
	at org.apache.catalina.startup.Catalina.load(Catalina.java:646)
	at org.apache.catalina.startup.Catalina.load(Catalina.java:669)
	at sun.reflect.NativeMethodAccessorImpl.invoke0(Native Method)
	at sun.reflect.NativeMethodAccessorImpl.invoke(NativeMethodAccessorImpl.java:62)
	at sun.reflect.DelegatingMethodAccessorImpl.invoke(DelegatingMethodAccessorImpl.java:43)
	at java.lang.reflect.Method.invoke(Method.java:498)
	at org.apache.catalina.startup.Bootstrap.load(Bootstrap.java:306)
	at org.apache.catalina.startup.Bootstrap.main(Bootstrap.java:491)
Caused by: java.net.BindException: Address already in use: bind
	at sun.nio.ch.Net.bind0(Native Method)
	at sun.nio.ch.Net.bind(Net.java:433)
	at sun.nio.ch.Net.bind(Net.java:425)
	at sun.nio.ch.ServerSocketChannelImpl.bind(ServerSocketChannelImpl.java:223)
	at sun.nio.ch.ServerSocketAdaptor.bind(ServerSocketAdaptor.java:74)
	at org.apache.tomcat.util.net.NioEndpoint.initServerSocket(NioEndpoint.java:236)
	at org.apache.tomcat.util.net.NioEndpoint.bind(NioEndpoint.java:210)
	at org.apache.tomcat.util.net.AbstractEndpoint.bindWithCleanup(AbstractEndpoint.java:1067)
	at org.apache.tomcat.util.net.AbstractEndpoint.init(AbstractEndpoint.java:1080)
	at org.apache.coyote.AbstractProtocol.init(AbstractProtocol.java:550)
	at org.apache.coyote.http11.AbstractHttp11Protocol.init(AbstractHttp11Protocol.java:74)
	at org.apache.catalina.connector.Connector.initInternal(Connector.java:973)
	... 13 more

01-Dec-2018 12:30:25.519 INFO [main] org.apache.coyote.AbstractProtocol.init Initializing ProtocolHandler ["ajp-nio-8009"]
01-Dec-2018 12:30:25.521 INFO [main] org.apache.tomcat.util.net.NioSelectorPool.getSharedSelector Using a shared selector for servlet write/read
01-Dec-2018 12:30:25.650 INFO [main] org.apache.catalina.startup.Catalina.load Initialization processed in 1655 ms
01-Dec-2018 12:30:25.764 INFO [main] org.apache.catalina.core.StandardService.startInternal Starting service [Catalina]
01-Dec-2018 12:30:25.764 INFO [main] org.apache.catalina.core.StandardEngine.startInternal Starting Servlet Engine: Apache Tomcat/9.0.13
01-Dec-2018 12:30:25.801 INFO [main] org.apache.catalina.startup.HostConfig.deployDirectory Deploying web application directory [E:\tomcat\apache-tomcat-9.0.13\webapps\docs]
01-Dec-2018 12:30:26.447 INFO [main] org.apache.catalina.startup.HostConfig.deployDirectory Deployment of web application directory [E:\tomcat\apache-tomcat-9.0.13\webapps\docs] has finished in [646] ms
01-Dec-2018 12:30:26.448 INFO [main] org.apache.catalina.startup.HostConfig.deployDirectory Deploying web application directory [E:\tomcat\apache-tomcat-9.0.13\webapps\examples]
01-Dec-2018 12:30:27.264 INFO [main] org.apache.catalina.startup.HostConfig.deployDirectory Deployment of web application directory [E:\tomcat\apache-tomcat-9.0.13\webapps\examples] has finished in [817] ms
01-Dec-2018 12:30:27.265 INFO [main] org.apache.catalina.startup.HostConfig.deployDirectory Deploying web application directory [E:\tomcat\apache-tomcat-9.0.13\webapps\host-manager]
01-Dec-2018 12:30:27.302 INFO [main] org.apache.catalina.startup.HostConfig.deployDirectory Deployment of web application directory [E:\tomcat\apache-tomcat-9.0.13\webapps\host-manager] has finished in [36] ms
01-Dec-2018 12:30:27.302 INFO [main] org.apache.catalina.startup.HostConfig.deployDirectory Deploying web application directory [E:\tomcat\apache-tomcat-9.0.13\webapps\manager]
01-Dec-2018 12:30:27.336 INFO [main] org.apache.catalina.startup.HostConfig.deployDirectory Deployment of web application directory [E:\tomcat\apache-tomcat-9.0.13\webapps\manager] has finished in [34] ms
01-Dec-2018 12:30:27.337 INFO [main] org.apache.catalina.startup.HostConfig.deployDirectory Deploying web application directory [E:\tomcat\apache-tomcat-9.0.13\webapps\ROOT]
01-Dec-2018 12:30:27.358 INFO [main] org.apache.catalina.startup.HostConfig.deployDirectory Deployment of web application directory [E:\tomcat\apache-tomcat-9.0.13\webapps\ROOT] has finished in [22] ms
01-Dec-2018 12:30:27.361 INFO [main] org.apache.coyote.AbstractProtocol.start Starting ProtocolHandler ["ajp-nio-8009"]
01-Dec-2018 12:30:27.404 INFO [main] org.apache.catalina.startup.Catalina.start Server startup in 1752 ms
01-Dec-2018 12:39:27.835 INFO [ContainerBackgroundProcessor[StandardEngine[Catalina]]] org.apache.catalina.users.MemoryUserDatabase.backgroundProcess Reloading memory user database [UserDatabase] from updated source [file:/E:/tomcat/apache-tomcat-9.0.13/conf/tomcat-users.xml]
01-Dec-2018 12:40:38.823 INFO [main] org.apache.catalina.core.StandardServer.await A valid shutdown command was received via the shutdown port. Stopping the Server instance.
01-Dec-2018 12:40:38.823 INFO [main] org.apache.coyote.AbstractProtocol.pause Pausing ProtocolHandler ["http-nio-8080"]
01-Dec-2018 12:40:38.824 INFO [main] org.apache.coyote.AbstractProtocol.pause Pausing ProtocolHandler ["ajp-nio-8009"]
01-Dec-2018 12:40:38.885 INFO [main] org.apache.catalina.core.StandardService.stopInternal Stopping service [Catalina]
01-Dec-2018 12:40:38.925 INFO [main] org.apache.coyote.AbstractProtocol.stop Stopping ProtocolHandler ["ajp-nio-8009"]
01-Dec-2018 12:40:38.929 INFO [main] org.apache.coyote.AbstractProtocol.stop Stopping ProtocolHandler ["http-nio-8080"]
01-Dec-2018 12:40:38.929 INFO [main] org.apache.coyote.AbstractProtocol.destroy Destroying ProtocolHandler ["http-nio-8080"]
01-Dec-2018 12:40:38.929 INFO [main] org.apache.coyote.AbstractProtocol.destroy Destroying ProtocolHandler ["ajp-nio-8009"]
